--------------------
--------------------
3-say_my_name module tests file
--------------------
--------------------
>>> say_my_name = __import__('3-say_my_name').say_my_name
>>> say_my_name("Satoshi", "Nakamoto")
My name is Satoshi Nakamoto
>>> say_my_name("Satoshi")
My name is Satoshi 
>>> say_my_name()
Traceback (most recent call last):
  File "<stdin>", line 1, in <module>
TypeError: say_my_name() missing 1 required positional argument: 'first_name'
>>> say_my_name(21, "Nakamoto")
Traceback (most recent call last):
  File "<stdin>", line 1, in <module>
  File "/alx-higher_level_programming/0x07-python-test_driven_development/3-say_my_name.py", line 18, in say_my_name
    raise TypeError("first_name must be a string")
TypeError: first_name must be a string
>>> say_my_name("Halving", 64)
Traceback (most recent call last):
  File "<stdin>", line 1, in <module>
  File "/alx-higher_level_programming/0x07-python-test_driven_development/3-say_my_name.py", line 20, in say_my_name
    raise TypeError("last_name must be a string")
TypeError: last_name must be a string
>>> say_my_name(50)
Traceback (most recent call last):
  File "<stdin>", line 1, in <module>
  File "/alx-higher_level_programming/0x07-python-test_driven_development/3-say_my_name.py", line 18, in say_my_name
    raise TypeError("first_name must be a string")
TypeError: first_name must be a string
